<?xml version="1.0" encoding="UTF-8"?>
<testsuite xmlns:xsi="http://www.w3.org/2001/XMLSchema-instance" xsi:noNamespaceSchemaLocation="https://maven.apache.org/surefire/maven-surefire-plugin/xsd/surefire-test-report-3.0.xsd" version="3.0" name="com.pahanaedu.bookshop.resource.util.DatabaseConnectionTest" time="0.002" tests="6" errors="0" skipped="0" failures="0">
  <properties>
[...]
</properties>
  <testcase name="testSingletonPattern" classname="com.pahanaedu.bookshop.resource.util.DatabaseConnectionTest" time="0.0"/>
  <testcase name="testConnectionReturnToPool" classname="com.pahanaedu.bookshop.resource.util.DatabaseConnectionTest" time="0.0"/>
  <testcase name="testConnectionPoolInitialization" classname="com.pahanaedu.bookshop.resource.util.DatabaseConnectionTest" time="0.0"/>
  <testcase name="testConnectionValidation" classname="com.pahanaedu.bookshop.resource.util.DatabaseConnectionTest" time="0.0"/>
  <testcase name="testGetPoolStatistics" classname="com.pahanaedu.bookshop.resource.util.DatabaseConnectionTest" time="0.0"/>
  <testcase name="testMultipleConnections" classname="com.pahanaedu.bookshop.resource.util.DatabaseConnectionTest" time="0.0"/>
</testsuite>